2025-12-19 00:16:50,071 - matthew_loger - INFO - load {'cpp': '01111000011101111000010000101101100100100011001110101000100111100000101010111011101000111010100011101010000000011101110111011111', 'java': '11010111010101010111100100101011111000100100110010111100011100100010110010001111100000000111000111000000010001110010100110011100'}
2025-12-19 00:16:50,073 - matthew_loger - INFO - load {'cpp': '01111000011101111000010000101101100100100011001110101000100111100000101010111011101000111010100011101010000000011101110111011111', 'java': '11010111010101010111100100101011111000100100110010111100011100100010110010001111100000000111000111000000010001110010100110011100'}
2025-12-19 00:16:50,073 - matthew_loger - INFO - frequency_bit_test completed
2025-12-19 00:16:50,074 - matthew_loger - INFO - identical_consecutive_bits completed
2025-12-19 00:16:50,074 - matthew_loger - INFO - longest_sequence completed
2025-12-19 00:16:50,074 - matthew_loger - INFO - longest_sequence completed
2025-12-19 00:16:50,075 - matthew_loger - INFO - longest_sequence completed
2025-12-19 00:16:50,075 - matthew_loger - INFO - longest_sequence completed
2025-12-19 00:16:50,075 - matthew_loger - INFO - longest_sequence completed
2025-12-19 00:16:50,075 - matthew_loger - INFO - longest_sequence completed
2025-12-19 00:16:50,075 - matthew_loger - INFO - longest_sequence completed
2025-12-19 00:16:50,075 - matthew_loger - INFO - longest_sequence completed
2025-12-19 00:16:50,075 - matthew_loger - INFO - longest_sequence completed
2025-12-19 00:16:50,075 - matthew_loger - INFO - longest_sequence completed
2025-12-19 00:16:50,075 - matthew_loger - INFO - longest_sequence completed
2025-12-19 00:16:50,075 - matthew_loger - INFO - longest_sequence completed
2025-12-19 00:16:50,075 - matthew_loger - INFO - longest_sequence completed
2025-12-19 00:16:50,075 - matthew_loger - INFO - longest_sequence completed
2025-12-19 00:16:50,075 - matthew_loger - INFO - longest_sequence completed
2025-12-19 00:16:50,075 - matthew_loger - INFO - longest_sequence completed
2025-12-19 00:16:50,076 - matthew_loger - INFO - longest_sequence_of_ones_test completed
2025-12-19 00:16:50,078 - matthew_loger - INFO - frequency_bit_test completed
2025-12-19 00:16:50,078 - matthew_loger - INFO - identical_consecutive_bits completed
2025-12-19 00:16:50,078 - matthew_loger - INFO - longest_sequence completed
2025-12-19 00:16:50,078 - matthew_loger - INFO - longest_sequence completed
2025-12-19 00:16:50,078 - matthew_loger - INFO - longest_sequence completed
2025-12-19 00:16:50,079 - matthew_loger - INFO - longest_sequence completed
2025-12-19 00:16:50,079 - matthew_loger - INFO - longest_sequence completed
2025-12-19 00:16:50,079 - matthew_loger - INFO - longest_sequence completed
2025-12-19 00:16:50,079 - matthew_loger - INFO - longest_sequence completed
2025-12-19 00:16:50,079 - matthew_loger - INFO - longest_sequence completed
2025-12-19 00:16:50,079 - matthew_loger - INFO - longest_sequence completed
2025-12-19 00:16:50,080 - matthew_loger - INFO - longest_sequence completed
2025-12-19 00:16:50,080 - matthew_loger - INFO - longest_sequence completed
2025-12-19 00:16:50,080 - matthew_loger - INFO - longest_sequence completed
2025-12-19 00:16:50,080 - matthew_loger - INFO - longest_sequence completed
2025-12-19 00:16:50,080 - matthew_loger - INFO - longest_sequence completed
2025-12-19 00:16:50,080 - matthew_loger - INFO - longest_sequence completed
2025-12-19 00:16:50,080 - matthew_loger - INFO - longest_sequence completed
2025-12-19 00:16:50,080 - matthew_loger - INFO - longest_sequence_of_ones_test completed
